AroundMe/build/outputs/mapping/release/seeds.txt
com.maortoubian.aroundme.Chat
com.maortoubian.aroundme.Chat: Chat()
com.maortoubian.aroundme.ChatMainMenu
com.maortoubian.aroundme.ChatMainMenu: ChatMainMenu()
com.maortoubian.aroundme.DBHandler$OPEN_DB_FOR: com.maortoubian.aroundme.DBHandler$OPEN_DB_FOR[] values()
com.maortoubian.aroundme.DBHandler$OPEN_DB_FOR: com.maortoubian.aroundme.DBHandler$OPEN_DB_FOR valueOf(java.lang.String)
com.maortoubian.aroundme.DBHandler$WHO_SEND: com.maortoubian.aroundme.DBHandler$WHO_SEND[] values()
com.maortoubian.aroundme.DBHandler$WHO_SEND: com.maortoubian.aroundme.DBHandler$WHO_SEND valueOf(java.lang.String)
com.maortoubian.aroundme.GcmBroadcastReceiver
com.maortoubian.aroundme.GcmBroadcastReceiver: GcmBroadcastReceiver()
com.maortoubian.aroundme.GcmIntentService
com.maortoubian.aroundme.GcmIntentService: GcmIntentService()
com.maortoubian.aroundme.GeoLocation.GeofencingReceiverIntentService
com.maortoubian.aroundme.GeoLocation.GeofencingReceiverIntentService: GeofencingReceiverIntentService()
com.maortoubian.aroundme.GeoLocation.ReceiveGeofenceTransitionBaseIntentService: ReceiveGeofenceTransitionBaseIntentService()
com.maortoubian.aroundme.HowToActivity
com.maortoubian.aroundme.HowToActivity: HowToActivity()
com.maortoubian.aroundme.Login
com.maortoubian.aroundme.Login: Login()
com.maortoubian.aroundme.MapsActivity
com.maortoubian.aroundme.MapsActivity: MapsActivity()
com.maortoubian.aroundme.R$anim: int abc_fade_in
com.maortoubian.aroundme.R$anim: int abc_fade_out
com.maortoubian.aroundme.R$anim: int abc_grow_fade_in_from_bottom
com.maortoubian.aroundme.R$anim: int abc_shrink_fade_out_from_bottom
com.maortoubian.aroundme.R$anim: int abc_slide_in_bottom
com.maortoubian.aroundme.R$anim: int abc_slide_in_top
com.maortoubian.aroundme.R$anim: int abc_slide_out_bottom
com.maortoubian.aroundme.R$anim: int abc_slide_out_top
com.maortoubian.aroundme.R$array: int androidcolors
com.maortoubian.aroundme.R$attr: int actionBarDivider
com.maortoubian.aroundme.R$attr: int actionBarItemBackground
com.maortoubian.aroundme.R$attr: int actionBarPopupTheme
com.maortoubian.aroundme.R$attr: int actionBarSize
com.maortoubian.aroundme.R$attr: int actionBarSplitStyle
com.maortoubian.aroundme.R$attr: int actionBarStyle
com.maortoubian.aroundme.R$attr: int actionBarTabBarStyle
com.maortoubian.aroundme.R$attr: int actionBarTabStyle
com.maortoubian.aroundme.R$attr: int actionBarTabTextStyle
com.maortoubian.aroundme.R$attr: int actionBarTheme
com.maortoubian.aroundme.R$attr: int actionBarWidgetTheme
com.maortoubian.aroundme.R$attr: int actionButtonStyle
com.maortoubian.aroundme.R$attr: int actionDropDownStyle
com.maortoubian.aroundme.R$attr: int actionLayout
com.maortoubian.aroundme.R$attr: int actionMenuTextAppearance
com.maortoubian.aroundme.R$attr: int actionMenuTextColor
com.maortoubian.aroundme.R$attr: int actionModeBackground
com.maortoubian.aroundme.R$attr: int actionModeCloseButtonStyle
com.maortoubian.aroundme.R$attr: int actionModeCloseDrawable
com.maortoubian.aroundme.R$attr: int actionModeCopyDrawable
com.maortoubian.aroundme.R$attr: int actionModeCutDrawable
com.maortoubian.aroundme.R$attr: int actionModeFindDrawable
com.maortoubian.aroundme.R$attr: int actionModePasteDrawable
com.maortoubian.aroundme.R$attr: int actionModePopupWindowStyle
com.maortoubian.aroundme.R$attr: int actionModeSelectAllDrawable
com.maortoubian.aroundme.R$bool: int abc_action_bar_embed_tabs
com.maortoubian.aroundme.R$bool: int abc_action_bar_embed_tabs_pre_jb
com.maortoubian.aroundme.R$bool: int abc_action_bar_expanded_action_views_exclusive
com.maortoubian.aroundme.R$bool: int abc_config_actionMenuItemAllCaps
com.maortoubian.aroundme.R$bool: int abc_config_allowActionMenuItemTextWithIcon
com.maortoubian.aroundme.R$bool: int abc_config_showMenuShortcutsWhenKeyboardPresent
...
com.google.android.gms.fitness.request.SessionInsertRequest
com.google.android.gms.fitness.request.SessionInsertRequest: android.os.Parcelable$Creator CREATOR
com.google.android.gms.fitness.request.SessionReadRequest
com.google.android.gms.fitness.request.SessionReadRequest: android.os.Parcelable$Creator CREATOR
com.google.android.gms.fitness.request.StartBleScanRequest
com.google.android.gms.fitness.request.StartBleScanRequest: android.os.Parcelable$Creator CREATOR
com.google.android.gms.fitness.request.aa
com.google.android.gms.fitness.request.aa: android.os.Parcelable$Creator CREATOR
com.google.android.gms.fitness.request.ad
com.google.android.gms.fitness.request.ad: android.os.Parcelable$Creator CREATOR
com.google.android.gms.fitness.request.af
com.google.android.gms.fitness.request.af: android.os.Parcelable$Creator CREATOR
com.google.android.gms.fitness.request.ah
com.google.android.gms.fitness.request.ah: android.os.Parcelable$Creator CREATOR
com.google.android.gms.fitness.request.aj
com.google.android.gms.fitness.request.aj: android.os.Parcelable$Creator CREATOR
com.google.android.gms.fitness.request.b
com.google.android.gms.fitness.request.b: android.os.Parcelable$Creator CREATOR
com.google.android.gms.fitness.request.e
com.google.android.gms.fitness.request.e: android.os.Parcelable$Creator CREATOR
com.google.android.gms.fitness.request.j
com.google.android.gms.fitness.request.j: android.os.Parcelable$Creator CREATOR
com.google.android.gms.fitness.request.m
com.google.android.gms.fitness.request.m: android.os.Parcelable$Creator CREATOR
com.google.android.gms.fitness.request.o
com.google.android.gms.fitness.request.o: android.os.Parcelable$Creator CREATOR
com.google.android.gms.fitness.request.q
com.google.android.gms.fitness.request.q: android.os.Parcelable$Creator CREATOR
com.google.android.gms.fitness.request.u
com.google.android.gms.fitness.request.u: android.os.Parcelable$Creator CREATOR
com.google.android.gms.fitness.request.w
com.google.android.gms.fitness.request.w: android.os.Parcelable$Creator CREATOR
com.google.android.gms.fitness.request.y
com.google.android.gms.fitness.request.y: android.os.Parcelable$Creator CREATOR
com.google.android.gms.fitness.result.BleDevicesResult
com.google.android.gms.fitness.result.BleDevicesResult: android.os.Parcelable$Creator CREATOR
com.google.android.gms.fitness.result.DataReadResult
com.google.android.gms.fitness.result.DataReadResult: android.os.Parcelable$Creator CREATOR
com.google.android.gms.fitness.result.DataSourcesResult
com.google.android.gms.fitness.result.DataSourcesResult: android.os.Parcelable$Creator CREATOR
com.google.android.gms.fitness.result.DataTypeResult
com.google.android.gms.fitness.result.DataTypeResult: android.os.Parcelable$Creator CREATOR
com.google.android.gms.fitness.result.ListSubscriptionsResult
com.google.android.gms.fitness.result.ListSubscriptionsResult: android.os.Parcelable$Creator CREATOR
com.google.android.gms.fitness.result.SessionReadResult
com.google.android.gms.fitness.result.SessionReadResult: android.os.Parcelable$Creator CREATOR
com.google.android.gms.fitness.result.SessionStopResult
com.google.android.gms.fitness.result.SessionStopResult: android.os.Parcelable$Creator CREATOR
com.google.android.gms.fitness.service.FitnessSensorServiceRequest
com.google.android.gms.fitness.service.FitnessSensorServiceRequest: android.os.Parcelable$Creator CREATOR
com.google.android.gms.games.Game
com.google.android.gms.games.GameEntity
com.google.android.gms.games.GameEntity: android.os.Parcelable$Creator CREATOR
com.google.android.gms.games.GameRef
com.google.android.gms.games.Player
com.google.android.gms.games.PlayerEntity
com.google.android.gms.games.PlayerEntity: android.os.Parcelable$Creator CREATOR
com.google.android.gms.games.PlayerLevel
com.google.android.gms.games.PlayerLevel: com.google.android.gms.games.PlayerLevelCreator CREATOR