AroundMe/build/outputs/mapping/release/mapping.txt
com.maortoubian.aroundme.Chat -> com.maortoubian.aroundme.Chat:
    java.util.ArrayList arrayListToDo -> c
    android.widget.ArrayAdapter arrayAdapterToDo -> d
    java.lang.Thread t -> a
    boolean gotMsgs -> b
    void onCreate(android.os.Bundle) -> onCreate
    void sendMessage(com.maortoubian.aroundmeapi.model.Message) -> a
    void hideKeyboard() -> a
    void onPause() -> onPause
    android.widget.ArrayAdapter access$000(com.maortoubian.aroundme.Chat) -> a
    void access$100(com.maortoubian.aroundme.Chat) -> b
    void access$200(com.maortoubian.aroundme.Chat,com.maortoubian.aroundmeapi.model.Message) -> a
com.maortoubian.aroundme.Chat$1 -> com.maortoubian.aroundme.a:
    java.lang.String val$myMail -> a
    java.lang.String val$userToSendMsg -> b
    java.util.ArrayList val$listMessage -> c
    android.widget.ListView val$listViewToDo -> d
    com.maortoubian.aroundme.Chat this$0 -> e
    void run() -> run
com.maortoubian.aroundme.Chat$1$1 -> com.maortoubian.aroundme.b:
    com.maortoubian.aroundme.Chat$1 this$1 -> a
    void run() -> run
com.maortoubian.aroundme.Chat$2 -> com.maortoubian.aroundme.c:
    android.widget.EditText val$sendEt -> a
    java.lang.String val$userToSendMsg -> b
    java.lang.String val$myMail -> c
    com.maortoubian.aroundme.Chat this$0 -> d
    void onClick(android.view.View) -> onClick
com.maortoubian.aroundme.Chat$3 -> com.maortoubian.aroundme.d:
    com.maortoubian.aroundme.Chat this$0 -> a
    void onClick(android.view.View) -> onClick
com.maortoubian.aroundme.Chat$4 -> com.maortoubian.aroundme.e:
    java.lang.String val$myMail -> a
    java.lang.String val$userToSendMsg -> b
    com.maortoubian.aroundme.Chat this$0 -> c
    void onClick(android.view.View) -> onClick
com.maortoubian.aroundme.Chat$4$1 -> com.maortoubian.aroundme.f:
    com.maortoubian.aroundme.Chat$4 this$1 -> a
    void onClick(android.content.DialogInterface,int) -> onClick
com.maortoubian.aroundme.Chat$4$2 -> com.maortoubian.aroundme.g:
    com.maortoubian.aroundme.Chat$4 this$1 -> a
    void onClick(android.content.DialogInterface,int) -> onClick
com.maortoubian.aroundme.Chat$5 -> com.maortoubian.aroundme.h:
    com.maortoubian.aroundmeapi.model.Message val$m -> a
    com.maortoubian.aroundme.Chat this$0 -> b
    java.lang.Void doInBackground(java.lang.Void[]) -> a
    java.lang.Object doInBackground(java.lang.Object[]) -> doInBackground
com.maortoubian.aroundme.ChatMainMenu -> com.maortoubian.aroundme.ChatMainMenu:
    android.widget.ListView lv -> g
    android.widget.ArrayAdapter arrayAdapter -> a
    java.util.List usersList -> b
    java.util.ArrayList CustomListViewValuesArr -> c
    android.widget.ListView list -> h
    com.maortoubian.aroundme.UserListAdapter adapter -> i
    java.lang.String user_email -> d
    int usersListSize -> e
    int newMsgCount -> f
    void onCreate(android.os.Bundle) -> onCreate
    void howTo() -> a
    void logOutMenu() -> b
    void deleteAllMsgs() -> c
    void aboutUs() -> d
    void onItemClick(int) -> a
    void showUsers(java.lang.String) -> a
    void checkNewMsgs() -> e
    void onResume() -> onResume
    com.maortoubian.aroundme.UserListAdapter access$000(com.maortoubian.aroundme.ChatMainMenu) -> a
    android.widget.ListView access$100(com.maortoubian.aroundme.ChatMainMenu) -> b
com.maortoubian.aroundme.ChatMainMenu$1 -> com.maortoubian.aroundme.i:
    com.maortoubian.aroundme.ChatMainMenu this$0 -> a
    java.lang.Void doInBackground(java.lang.Void[]) -> a
    java.lang.Object doInBackground(java.lang.Object[]) -> doInBackground
com.maortoubian.aroundme.ChatMainMenu$10 -> com.maortoubian.aroundme.j:
    java.lang.String val$email -> a
    java.lang.String val$name -> b
    com.maortoubian.aroundme.ChatMainMenu this$0 -> c
    void run() -> run
com.maortoubian.aroundme.ChatMainMenu$11 -> com.maortoubian.aroundme.k:
    com.maortoubian.aroundme.ChatMainMenu this$0 -> a
    void run() -> run
...
com.google.android.gms.internal.gw$3 -> com.google.android.gms.internal.cz:
    android.webkit.JsResult xn -> a
    void onClick(android.content.DialogInterface,int) -> onClick
com.google.android.gms.internal.gw$4 -> com.google.android.gms.internal.da:
    android.webkit.JsPromptResult xo -> a
    void onCancel(android.content.DialogInterface) -> onCancel
com.google.android.gms.internal.gw$5 -> com.google.android.gms.internal.db:
    android.webkit.JsPromptResult xo -> a
    void onClick(android.content.DialogInterface,int) -> onClick
com.google.android.gms.internal.gw$6 -> com.google.android.gms.internal.dc:
    android.webkit.JsPromptResult xo -> a
    android.widget.EditText xp -> b
    void onClick(android.content.DialogInterface,int) -> onClick
com.google.android.gms.internal.gw$7 -> com.google.android.gms.internal.dd:
    int[] xq -> a
com.google.android.gms.internal.gx -> com.google.android.gms.internal.de:
    android.webkit.WebResourceResponse d(android.content.Context,java.lang.String,java.lang.String) -> a
    android.webkit.WebResourceResponse shouldInterceptRequest(android.webkit.WebView,java.lang.String) -> shouldInterceptRequest
com.google.android.gms.internal.gy -> com.google.android.gms.internal.df:
    void onShowCustomView(android.view.View,int,android.webkit.WebChromeClient$CustomViewCallback) -> onShowCustomView
com.google.android.gms.internal.ha -> com.google.android.gms.internal.ha:
    java.lang.String CE -> a
    java.lang.String CF -> b
    java.lang.String mValue -> c
    android.os.Parcelable$Creator CREATOR -> CREATOR
    int describeContents() -> describeContents
    void writeToParcel(android.os.Parcel,int) -> writeToParcel
    void readFromParcel(android.os.Parcel) -> a
com.google.android.gms.internal.ha$1 -> com.google.android.gms.internal.dg:
    com.google.android.gms.internal.ha k(android.os.Parcel) -> a
    com.google.android.gms.internal.ha[] I(int) -> a
    java.lang.Object[] newArray(int) -> newArray
    java.lang.Object createFromParcel(android.os.Parcel) -> createFromParcel
com.google.android.gms.internal.hd -> com.google.android.gms.internal.hd:
    com.google.android.gms.internal.he CREATOR -> CREATOR
    int CK -> a
    com.google.android.gms.internal.hh[] CL -> b
    java.lang.String CM -> c
    boolean CN -> d
    android.accounts.Account account -> e
    int describeContents() -> describeContents
    void writeToParcel(android.os.Parcel,int) -> writeToParcel
com.google.android.gms.internal.he -> com.google.android.gms.internal.dh:
    com.google.android.gms.internal.hd l(android.os.Parcel) -> a
    com.google.android.gms.internal.hd[] J(int) -> a
    void a(com.google.android.gms.internal.hd,android.os.Parcel,int) -> a
    java.lang.Object[] newArray(int) -> newArray
    java.lang.Object createFromParcel(android.os.Parcel) -> createFromParcel
com.google.android.gms.internal.hf -> com.google.android.gms.internal.hf:
    com.google.android.gms.internal.hg CREATOR -> CREATOR
    int CK -> a
    java.lang.String CS -> b
    java.lang.String CT -> c
    java.lang.String CU -> d
    java.lang.String toString() -> toString
    int describeContents() -> describeContents
    void writeToParcel(android.os.Parcel,int) -> writeToParcel
com.google.android.gms.internal.hg -> com.google.android.gms.internal.di:
    com.google.android.gms.internal.hf m(android.os.Parcel) -> a
    com.google.android.gms.internal.hf[] K(int) -> a
    void a(com.google.android.gms.internal.hf,android.os.Parcel,int) -> a
    java.lang.Object[] newArray(int) -> newArray
    java.lang.Object createFromParcel(android.os.Parcel) -> createFromParcel