AroundMe/build/outputs/mapping/release/usage.txt
com.maortoubian.aroundme.BuildConfig
com.maortoubian.aroundme.ChatMainMenu:
    public static final java.lang.String EXTRA_MESSAGE
com.maortoubian.aroundme.CloudEndpointUtils:
    protected static final boolean LOCAL_ANDROID_RUN
    protected static final java.lang.String LOCAL_APP_ENGINE_SERVER_URL
    protected static final java.lang.String LOCAL_APP_ENGINE_SERVER_URL_FOR_ANDROID
    26:26:public CloudEndpointUtils()
    93:95:public static void logAndShow(android.app.Activity,java.lang.String,java.lang.String)
    109:121:public static void logAndShow(android.app.Activity,java.lang.String,java.lang.Throwable)
    132:140:public static void showError(android.app.Activity,java.lang.String)
com.maortoubian.aroundme.CloudEndpointUtils$2
com.maortoubian.aroundme.DBHandler:
    public static final java.lang.String _DB_NAME
    public static final int _DB_VERSION
    263:264:public void createSqlWithoutReturn(java.lang.String)
com.maortoubian.aroundme.EndpointApiCreator:
    20:20:public EndpointApiCreator()
com.maortoubian.aroundme.GcmIntentService:
    static final java.lang.String TAG
    public static final int NOTIFICATION_ID
    android.support.v4.app.NotificationCompat$Builder builder
com.maortoubian.aroundme.GeoLocation.GeofencingReceiverIntentService:
    public static final int NOTIFICATION_ID
com.maortoubian.aroundme.GeoLocation.NotificationReceiver
com.maortoubian.aroundme.GeoLocation.SimpleGeofence:
    42:42:public java.lang.String getId()
    45:45:public double getLatitude()
    48:48:public double getLongitude()
    51:51:public float getRadius()
    54:54:public long getExpirationDuration()
    57:57:public int getTransitionType()
com.maortoubian.aroundme.HowToActivity:
    android.widget.Button gotIt
    android.widget.TextView text
com.maortoubian.aroundme.IconHelper:
    17:17:public IconHelper()
com.maortoubian.aroundme.ImageHelper:
    12:12:public ImageHelper()
com.maortoubian.aroundme.Login:
    static final java.lang.String TAG
    private static final int RC_SIGN_IN
    private boolean mIntentInProgress
    private static final int PLAY_SERVICES_RESOLUTION_REQUEST
    public static final java.lang.String EXTRA_MESSAGE
    public static final java.lang.String PROPERTY_REG_ID
    private static final java.lang.String PROPERTY_APP_VERSION
    android.content.SharedPreferences prefs
    364:371:private void storeRegistrationId(android.content.Context,java.lang.String)
    414:414:public void onDisconnected()
com.maortoubian.aroundme.Manifest
com.maortoubian.aroundme.Manifest$permission
com.maortoubian.aroundme.MapsActivity:
    private static final java.lang.String TAG
    com.google.android.gms.location.LocationRequest mLocationRequest
    364:365:public void onLocationChanged(android.location.Location)
com.maortoubian.aroundme.Msg:
    private java.lang.String name
    private java.lang.String hour
    23:23:public java.lang.String getEmail()
    27:28:public void setEmail(java.lang.String)
    35:36:public void setMessage(java.lang.String)
    39:40:public void setHeure(java.lang.String)
    43:43:public java.lang.String getHeure()
    51:52:public void setDate(java.lang.String)
    59:60:public void setFromHow(java.lang.String)
com.maortoubian.aroundme.R
com.maortoubian.aroundme.R$anim
com.maortoubian.aroundme.R$array
com.maortoubian.aroundme.R$attr
com.maortoubian.aroundme.R$bool
com.maortoubian.aroundme.R$color
com.maortoubian.aroundme.R$dimen
com.maortoubian.aroundme.R$drawable
com.maortoubian.aroundme.R$id
com.maortoubian.aroundme.R$integer
com.maortoubian.aroundme.R$layout
com.maortoubian.aroundme.R$menu
com.maortoubian.aroundme.R$raw
com.maortoubian.aroundme.R$string
com.maortoubian.aroundme.R$style
com.maortoubian.aroundme.R$styleable
com.maortoubian.aroundme.RowUser:
    private int imageId
    19:20:public void setId(int)
    23:23:public int getImageId()
    26:27:public void setImageId(int)
...
com.google.android.gms.games.internal.player.MostRecentGameInfoEntity:
    public boolean isDataValid()
com.google.android.gms.games.internal.request.GameRequestCluster:
    public boolean isConsumed(java.lang.String)
    public boolean isDataValid()
com.google.android.gms.games.internal.request.RequestUpdateOutcomes
com.google.android.gms.games.internal.request.RequestUpdateOutcomes$1
com.google.android.gms.games.internal.request.RequestUpdateOutcomes$Builder
com.google.android.gms.games.leaderboard.Leaderboard
com.google.android.gms.games.leaderboard.LeaderboardBuffer
com.google.android.gms.games.leaderboard.LeaderboardEntity
com.google.android.gms.games.leaderboard.LeaderboardRef
com.google.android.gms.games.leaderboard.LeaderboardScore
com.google.android.gms.games.leaderboard.LeaderboardScoreBuffer
com.google.android.gms.games.leaderboard.LeaderboardScoreBufferHeader
com.google.android.gms.games.leaderboard.LeaderboardScoreBufferHeader$1
com.google.android.gms.games.leaderboard.LeaderboardScoreBufferHeader$Builder
com.google.android.gms.games.leaderboard.LeaderboardScoreEntity
com.google.android.gms.games.leaderboard.LeaderboardScoreRef
com.google.android.gms.games.leaderboard.LeaderboardVariant
com.google.android.gms.games.leaderboard.LeaderboardVariantEntity
com.google.android.gms.games.leaderboard.LeaderboardVariantRef
com.google.android.gms.games.leaderboard.Leaderboards
com.google.android.gms.games.leaderboard.Leaderboards$LeaderboardMetadataResult
com.google.android.gms.games.leaderboard.Leaderboards$LoadPlayerScoreResult
com.google.android.gms.games.leaderboard.Leaderboards$LoadScoresResult
com.google.android.gms.games.leaderboard.Leaderboards$SubmitScoreResult
com.google.android.gms.games.leaderboard.ScoreSubmissionData
com.google.android.gms.games.leaderboard.ScoreSubmissionData$Result
com.google.android.gms.games.multiplayer.Invitation:
    public static final int INVITATION_TYPE_REAL_TIME
    public static final int INVITATION_TYPE_TURN_BASED
com.google.android.gms.games.multiplayer.InvitationBuffer
com.google.android.gms.games.multiplayer.InvitationEntity:
    public boolean isDataValid()
com.google.android.gms.games.multiplayer.InvitationRef:
    InvitationRef(com.google.android.gms.common.data.DataHolder,int,int)
com.google.android.gms.games.multiplayer.Invitations
com.google.android.gms.games.multiplayer.Invitations$LoadInvitationsResult
com.google.android.gms.games.multiplayer.Multiplayer
com.google.android.gms.games.multiplayer.OnInvitationReceivedListener
com.google.android.gms.games.multiplayer.Participant:
    public static final int STATUS_NOT_INVITED_YET
    public static final int STATUS_INVITED
    public static final int STATUS_JOINED
    public static final int STATUS_DECLINED
    public static final int STATUS_LEFT
    public static final int STATUS_FINISHED
    public static final int STATUS_UNRESPONSIVE
    public abstract void getDisplayName(android.database.CharArrayBuffer)
com.google.android.gms.games.multiplayer.ParticipantBuffer
com.google.android.gms.games.multiplayer.ParticipantEntity:
    public void getDisplayName(android.database.CharArrayBuffer)
    public boolean isDataValid()
com.google.android.gms.games.multiplayer.ParticipantRef:
    public void getDisplayName(android.database.CharArrayBuffer)
com.google.android.gms.games.multiplayer.ParticipantResult:
    public static final int MATCH_RESULT_UNINITIALIZED
    public static final int MATCH_RESULT_WIN
    public static final int MATCH_RESULT_LOSS
    public static final int MATCH_RESULT_TIE
    public static final int MATCH_RESULT_NONE
    public static final int MATCH_RESULT_DISCONNECT
    public static final int MATCH_RESULT_DISAGREED
    public static final int PLACING_UNINITIALIZED
com.google.android.gms.games.multiplayer.ParticipantResultCreator:
    public static final int CONTENT_DESCRIPTION
com.google.android.gms.games.multiplayer.ParticipantUtils